<?xml version="1.0" encoding="UTF-8"?>
<testsuite name="com.uda.taxitracking.TaxiTrackingApplicationTests" tests="1" skipped="0" failures="0" errors="0" timestamp="2024-09-03T00:18:41" hostname="DESKTOP-ED3TKHK" time="0.606">
  <properties/>
  <testcase name="contextLoads()" classname="com.uda.taxitracking.TaxiTrackingApplicationTests" time="0.606"/>
  <system-out><![CDATA[21:18:31.452 [Test worker] INFO org.springframework.test.context.support.AnnotationConfigContextLoaderUtils -- Could not detect default configuration classes for test class [com.uda.taxitracking.TaxiTrackingApplicationTests]: TaxiTrackingApplicationTests does not declare any static, non-private, non-final, nested classes annotated with @Configuration.
21:18:31.669 [Test worker] INFO org.springframework.boot.test.context.SpringBootTestContextBootstrapper -- Found @SpringBootConfiguration com.uda.taxitracking.TaxiTrackingApplication for test class com.uda.taxitracking.TaxiTrackingApplicationTests

  .   ____          _            __ _ _
 /\\ / ___'_ __ _ _(_)_ __  __ _ \ \ \ \
( ( )\___ | '_ | '_| | '_ \/ _` | \ \ \ \
 \\/  ___)| |_)| | | | | || (_| |  ) ) ) )
  '  |____| .__|_| |_|_| |_\__, | / / / /
 =========|_|==============|___/=/_/_/_/
 :: Spring Boot ::                (v3.1.3)

2024-09-02T21:18:32.715-03:00  INFO 21424 --- [    Test worker] c.u.t.TaxiTrackingApplicationTests       : Starting TaxiTrackingApplicationTests using Java 17.0.11 with PID 21424 (started by franm in C:\Users\franm\Desktop\Fran\Facultad ACONCAGUA\4° AÑO\1er semestre\Sistemas distribuidos\Examen final\Definitivo\TaxiTrackingBackEnd)
2024-09-02T21:18:32.718-03:00  INFO 21424 --- [    Test worker] c.u.t.TaxiTrackingApplicationTests       : No active profile set, falling back to 1 default profile: "default"
2024-09-02T21:18:34.288-03:00  INFO 21424 --- [    Test worker] .s.d.r.c.RepositoryConfigurationDelegate : Bootstrapping Spring Data JPA repositories in DEFAULT mode.
2024-09-02T21:18:34.450-03:00  INFO 21424 --- [    Test worker] .s.d.r.c.RepositoryConfigurationDelegate : Finished Spring Data repository scanning in 136 ms. Found 1 JPA repository interfaces.
2024-09-02T21:18:35.684-03:00  INFO 21424 --- [    Test worker] o.hibernate.jpa.internal.util.LogHelper  : HHH000204: Processing PersistenceUnitInfo [name: default]
2024-09-02T21:18:35.862-03:00  INFO 21424 --- [    Test worker] org.hibernate.Version                    : HHH000412: Hibernate ORM core version 6.2.7.Final
2024-09-02T21:18:35.869-03:00  INFO 21424 --- [    Test worker] org.hibernate.cfg.Environment            : HHH000406: Using bytecode reflection optimizer
2024-09-02T21:18:36.454-03:00  INFO 21424 --- [    Test worker] o.h.b.i.BytecodeProviderInitiator        : HHH000021: Bytecode provider name : bytebuddy
2024-09-02T21:18:36.851-03:00  INFO 21424 --- [    Test worker] o.s.o.j.p.SpringPersistenceUnitInfo      : No LoadTimeWeaver setup: ignoring JPA class transformer
2024-09-02T21:18:36.891-03:00  INFO 21424 --- [    Test worker] com.zaxxer.hikari.HikariDataSource       : HikariPool-1 - Starting...
2024-09-02T21:18:37.558-03:00  INFO 21424 --- [    Test worker] com.zaxxer.hikari.pool.HikariPool        : HikariPool-1 - Added connection com.mysql.cj.jdbc.ConnectionImpl@4f402027
2024-09-02T21:18:37.563-03:00  INFO 21424 --- [    Test worker] com.zaxxer.hikari.HikariDataSource       : HikariPool-1 - Start completed.
2024-09-02T21:18:38.320-03:00  INFO 21424 --- [    Test worker] o.h.b.i.BytecodeProviderInitiator        : HHH000021: Bytecode provider name : bytebuddy
2024-09-02T21:18:39.723-03:00  INFO 21424 --- [    Test worker] o.h.e.t.j.p.i.JtaPlatformInitiator       : HHH000490: Using JtaPlatform implementation: [org.hibernate.engine.transaction.jta.platform.internal.NoJtaPlatform]
2024-09-02T21:18:39.846-03:00  INFO 21424 --- [    Test worker] j.LocalContainerEntityManagerFactoryBean : Initialized JPA EntityManagerFactory for persistence unit 'default'
2024-09-02T21:18:40.777-03:00  WARN 21424 --- [    Test worker] JpaBaseConfiguration$JpaWebConfiguration : spring.jpa.open-in-view is enabled by default. Therefore, database queries may be performed during view rendering. Explicitly configure spring.jpa.open-in-view to disable this warning
2024-09-02T21:18:41.337-03:00  INFO 21424 --- [    Test worker] o.s.m.s.b.SimpleBrokerMessageHandler     : Starting...
2024-09-02T21:18:41.341-03:00  INFO 21424 --- [    Test worker] o.s.m.s.b.SimpleBrokerMessageHandler     : BrokerAvailabilityEvent[available=true, SimpleBrokerMessageHandler [org.springframework.messaging.simp.broker.DefaultSubscriptionRegistry@4f63909f]]
2024-09-02T21:18:41.342-03:00  INFO 21424 --- [    Test worker] o.s.m.s.b.SimpleBrokerMessageHandler     : Started.
2024-09-02T21:18:41.359-03:00  INFO 21424 --- [    Test worker] c.u.t.TaxiTrackingApplicationTests       : Started TaxiTrackingApplicationTests in 9.164 seconds (process running for 11.683)
]]></system-out>
  <system-err><![CDATA[]]></system-err>
</testsuite>
